
============================================================
Timestamp: 2026-06-04 18:39:51
To: 8888888881
SMS Status: Failed (No API Key configured - Logged Mock SMS)
------------------------------------------------------------
Hi SMS Cust 1, your product SMS Alert Test Product expires in 7 day(s). Please consume it soon.
============================================================

============================================================
Timestamp: 2026-06-04 18:39:51
To: 8888888882
SMS Status: Failed (No API Key configured - Logged Mock SMS)
------------------------------------------------------------
Hi SMS Cust 2, your product SMS Alert Test Product expires in 7 day(s). Please consume it soon.
============================================================

============================================================
Timestamp: 2026-06-04 18:44:15
To: 7350512332
SMS Status: Failed (No API Key configured - Logged Mock SMS)
------------------------------------------------------------
Hi Himesh Chaudhari, your product Peanut Butter expires in 1 day(s). Please consume it soon.
============================================================

============================================================
Timestamp: 2026-06-04 19:04:46
To: 7588177133
SMS Status: Failed (No API Key configured - Logged Mock SMS)
------------------------------------------------------------
Hi shlok, your product pringles expires in 1 day(s). Please consume it soon.
============================================================

============================================================
Timestamp: 2026-06-04 19:04:47
To: 7588177133
SMS Status: Failed (No API Key configured - Logged Mock SMS)
------------------------------------------------------------
Hi shlok, your product pringles expires in 1 day(s). Please consume it soon.
============================================================

============================================================
Timestamp: 2026-06-04 19:04:50
To: 7350512332
SMS Status: Failed (No API Key configured - Logged Mock SMS)
------------------------------------------------------------
Hi Himesh Chaudhari, your product pringles expires in 1 day(s). Please consume it soon.
============================================================

============================================================
Timestamp: 2026-06-04 19:04:51
To: 7350512332
SMS Status: Failed (No API Key configured - Logged Mock SMS)
------------------------------------------------------------
Hi Himesh Chaudhari, your product pringles expires in 1 day(s). Please consume it soon.
============================================================

============================================================
Timestamp: 2026-06-04 19:23:37
To: 7350512332
SMS Status: Failed (No API Key configured - Logged Mock SMS)
------------------------------------------------------------
Hi Himesh Chaudhari, your product Lays expires in 1 day(s). Please consume it soon.
============================================================

============================================================
Timestamp: 2026-06-04 19:23:41
To: 7588177133
SMS Status: Failed (No API Key configured - Logged Mock SMS)
------------------------------------------------------------
Hi shlok, your product Lays expires in 1 day(s). Please consume it soon.
============================================================

============================================================
Timestamp: 2026-06-04 19:40:08
To: 7588177133
SMS Status: Failed (No API Key configured - Logged Mock SMS)
------------------------------------------------------------
Hi shlok, your product Amul Milk expires in 1 day(s). Please consume it soon.
============================================================

============================================================
Timestamp: 2026-06-04 19:40:12
To: 7350512332
SMS Status: Failed (No API Key configured - Logged Mock SMS)
------------------------------------------------------------
Hi Himesh Chaudhari, your product Amul Milk expires in 1 day(s). Please consume it soon.
============================================================

============================================================
Timestamp: 2026-06-06 13:30:54
To: 8975328505
SMS Status: Failed (HTTP Error 401)
------------------------------------------------------------
Hello Himesh! SMS automation is working.
============================================================

============================================================
Timestamp: 2026-06-06 13:41:21
To: 8975328505
SMS Status: Failed (HTTP Error 401)
------------------------------------------------------------
Hello Himesh! SMS automation is working.
============================================================

============================================================
Timestamp: 2026-06-06 14:00:10
To: 7350512332
SMS Status: Failed (HTTP Error 401)
------------------------------------------------------------
Hi Himesh Chaudhari, your product ParleG expires in 1 day(s). Please consume it soon.
============================================================

============================================================
Timestamp: 2026-06-06 23:51:10
To: 7588177133
SMS Status: Failed (No API Key configured - Logged Mock SMS)
------------------------------------------------------------
Hi shlok, your product ParleG expires in 1 day(s). Please consume it soon.
============================================================

============================================================
Timestamp: 2026-06-10 23:55:52
To: 8975328505
SMS Status: Failed (No API Key configured - Logged Mock SMS)
------------------------------------------------------------
Hello Himesh! SMS automation is working.
============================================================

============================================================
Timestamp: 2026-06-11 00:04:20
To: 7588177133
SMS Status: Failed (No API Key configured - Logged Mock SMS)
------------------------------------------------------------
Hi shlok, your product Milk expires in 3 day(s). Please consume it soon.
============================================================

============================================================
Timestamp: 2026-06-11 00:04:21
To: 7588177133
SMS Status: Failed (No API Key configured - Logged Mock SMS)
------------------------------------------------------------
Hi shlok, your product Milk expires in 3 day(s). Please consume it soon.
============================================================

============================================================
Timestamp: 2026-06-11 00:04:24
To: 7350512332
SMS Status: Failed (No API Key configured - Logged Mock SMS)
------------------------------------------------------------
Hi Himesh Chaudhari, your product Milk expires in 3 day(s). Please consume it soon.
============================================================

============================================================
Timestamp: 2026-06-11 00:04:24
To: 7350512332
SMS Status: Failed (No API Key configured - Logged Mock SMS)
------------------------------------------------------------
Hi Himesh Chaudhari, your product Milk expires in 3 day(s). Please consume it soon.
============================================================

============================================================
Timestamp: 2026-06-11 00:04:27
To: 9309203419
SMS Status: Failed (No API Key configured - Logged Mock SMS)
------------------------------------------------------------
Hi Yojana, your product Milk expires in 3 day(s). Please consume it soon.
============================================================

============================================================
Timestamp: 2026-06-11 00:04:28
To: 9309203419
SMS Status: Failed (No API Key configured - Logged Mock SMS)
------------------------------------------------------------
Hi Yojana, your product Milk expires in 3 day(s). Please consume it soon.
============================================================
